<?xml version="1.0" encoding="UTF-8"?>
<robot generator="Robot 4.1.3 (Python 3.10.2 on win32)" generated="20220321 23:47:07.702" rpa="false" schemaversion="2">
<suite id="s1" name="Editprofile" source="D:\company\testcases\editprofile.robot">
<kw name="Log in" library="Login_signup_keyword" type="SETUP">
<kw name="Open browser to login" library="Login_signup_keyword">
<kw name="Open Browser" library="SeleniumLibrary">
<arg>${siteUrl}</arg>
<arg>${browser}</arg>
<doc>Opens a new browser instance to the optional ``url``.</doc>
<msg timestamp="20220321 23:47:07.910" level="INFO">Opening browser 'chrome' to base url 'https://phptravels.com/demo'.</msg>
<status status="PASS" starttime="20220321 23:47:07.910" endtime="20220321 23:47:10.088"/>
</kw>
<kw name="Maximize Browser Window" library="SeleniumLibrary">
<doc>Maximizes current browser window.</doc>
<status status="PASS" starttime="20220321 23:47:10.088" endtime="20220321 23:47:10.204"/>
</kw>
<kw name="Click Element" library="SeleniumLibrary">
<arg>xpath=//*[@id="Main"]/section[1]/div/div/div[2]/div/div/div[2]/div/div/div[1]/div/a</arg>
<doc>Click the element identified by ``locator``.</doc>
<msg timestamp="20220321 23:47:10.205" level="INFO">Clicking element 'xpath=//*[@id="Main"]/section[1]/div/div/div[2]/div/div/div[2]/div/div/div[1]/div/a'.</msg>
<status status="PASS" starttime="20220321 23:47:10.205" endtime="20220321 23:47:10.286"/>
</kw>
<kw name="Switch Window" library="SeleniumLibrary">
<arg>new</arg>
<doc>Switches to browser window matching ``locator``.</doc>
<status status="PASS" starttime="20220321 23:47:10.286" endtime="20220321 23:47:10.300"/>
</kw>
<status status="PASS" starttime="20220321 23:47:07.910" endtime="20220321 23:47:10.300"/>
</kw>
<kw name="Input user name" library="Login_signup_keyword">
<arg>user@phptravels.com</arg>
<kw name="Input Text" library="SeleniumLibrary">
<arg>xpath=//*[@id="fadein"]/div[1]/div/div[2]/div[2]/div/form/div[1]/div/input</arg>
<arg>${userName}</arg>
<doc>Types the given ``text`` into the text field identified by ``locator``.</doc>
<msg timestamp="20220321 23:47:10.301" level="INFO">Typing text 'user@phptravels.com' into text field 'xpath=//*[@id="fadein"]/div[1]/div/div[2]/div[2]/div/form/div[1]/div/input'.</msg>
<status status="PASS" starttime="20220321 23:47:10.301" endtime="20220321 23:47:12.149"/>
</kw>
<status status="PASS" starttime="20220321 23:47:10.300" endtime="20220321 23:47:12.149"/>
</kw>
<kw name="Input password" library="Login_signup_keyword">
<arg>demouser</arg>
<kw name="Input Text" library="SeleniumLibrary">
<arg>xpath=//*[@id="fadein"]/div[1]/div/div[2]/div[2]/div/form/div[2]/div[1]/input</arg>
<arg>${pwd}</arg>
<doc>Types the given ``text`` into the text field identified by ``locator``.</doc>
<msg timestamp="20220321 23:47:12.150" level="INFO">Typing text 'demouser' into text field 'xpath=//*[@id="fadein"]/div[1]/div/div[2]/div[2]/div/form/div[2]/div[1]/input'.</msg>
<status status="PASS" starttime="20220321 23:47:12.150" endtime="20220321 23:47:12.247"/>
</kw>
<status status="PASS" starttime="20220321 23:47:12.149" endtime="20220321 23:47:12.248"/>
</kw>
<kw name="Click Button" library="SeleniumLibrary">
<arg>xpath=//*[@id="fadein"]/div[1]/div/div[2]/div[2]/div/form/div[3]/button</arg>
<doc>Clicks the button identified by ``locator``.</doc>
<msg timestamp="20220321 23:47:12.248" level="INFO">Clicking button 'xpath=//*[@id="fadein"]/div[1]/div/div[2]/div[2]/div/form/div[3]/button'.</msg>
<status status="PASS" starttime="20220321 23:47:12.248" endtime="20220321 23:47:13.808"/>
</kw>
<kw name="Sleep" library="BuiltIn">
<arg>3</arg>
<doc>Pauses the test executed for the given time.</doc>
<msg timestamp="20220321 23:47:16.810" level="INFO">Slept 3 seconds</msg>
<status status="PASS" starttime="20220321 23:47:13.808" endtime="20220321 23:47:16.810"/>
</kw>
<status status="PASS" starttime="20220321 23:47:07.910" endtime="20220321 23:47:16.810"/>
</kw>
<test id="s1-t1" name="Edit the First Name">
<kw name="Click Link" library="SeleniumLibrary">
<arg>xpath=//*[@id="fadein"]/div[1]/div/div[3]/ul/li[4]/a</arg>
<doc>Clicks a link identified by ``locator``.</doc>
<msg timestamp="20220321 23:47:16.812" level="INFO">Clicking link 'xpath=//*[@id="fadein"]/div[1]/div/div[3]/ul/li[4]/a'.</msg>
<status status="PASS" starttime="20220321 23:47:16.812" endtime="20220321 23:47:17.542"/>
</kw>
<kw name="Input Text" library="SeleniumLibrary">
<arg>name:firstname</arg>
<arg>John</arg>
<doc>Types the given ``text`` into the text field identified by ``locator``.</doc>
<msg timestamp="20220321 23:47:17.543" level="INFO">Typing text 'John' into text field 'name:firstname'.</msg>
<status status="PASS" starttime="20220321 23:47:17.543" endtime="20220321 23:47:17.640"/>
</kw>
<kw name="Sleep" library="BuiltIn">
<arg>2</arg>
<doc>Pauses the test executed for the given time.</doc>
<msg timestamp="20220321 23:47:19.649" level="INFO">Slept 2 seconds</msg>
<status status="PASS" starttime="20220321 23:47:17.641" endtime="20220321 23:47:19.649"/>
</kw>
<kw name="Execute Javascript" library="SeleniumLibrary">
<arg>window.scrollTo(0, document.body.scrollHeight)</arg>
<doc>Executes the given JavaScript code with possible arguments.</doc>
<msg timestamp="20220321 23:47:19.650" level="INFO">Executing JavaScript:
window.scrollTo(0, document.body.scrollHeight)
Without any arguments.</msg>
<status status="PASS" starttime="20220321 23:47:19.650" endtime="20220321 23:47:19.661"/>
</kw>
<kw name="Sleep" library="BuiltIn">
<arg>2</arg>
<doc>Pauses the test executed for the given time.</doc>
<msg timestamp="20220321 23:47:21.677" level="INFO">Slept 2 seconds</msg>
<status status="PASS" starttime="20220321 23:47:19.662" endtime="20220321 23:47:21.677"/>
</kw>
<kw name="Click Button" library="SeleniumLibrary">
<arg>xpath=//*[@id="fadein"]/section[1]/div/div[2]/div/div[1]/div/div/div[2]/form/div[3]/button</arg>
<doc>Clicks the button identified by ``locator``.</doc>
<msg timestamp="20220321 23:47:21.678" level="INFO">Clicking button 'xpath=//*[@id="fadein"]/section[1]/div/div[2]/div/div[1]/div/div/div[2]/form/div[3]/button'.</msg>
<status status="PASS" starttime="20220321 23:47:21.678" endtime="20220321 23:47:22.819"/>
</kw>
<kw name="Sleep" library="BuiltIn">
<arg>2</arg>
<doc>Pauses the test executed for the given time.</doc>
<msg timestamp="20220321 23:47:24.827" level="INFO">Slept 2 seconds</msg>
<status status="PASS" starttime="20220321 23:47:22.819" endtime="20220321 23:47:24.827"/>
</kw>
<kw name="Textfield Should Contain" library="SeleniumLibrary">
<arg>name:firstname</arg>
<arg>John</arg>
<doc>Verifies text field ``locator`` contains text ``expected``.</doc>
<msg timestamp="20220321 23:47:24.860" level="INFO">Text field 'name:firstname' contains text 'John'.</msg>
<status status="PASS" starttime="20220321 23:47:24.828" endtime="20220321 23:47:24.860"/>
</kw>
<status status="PASS" starttime="20220321 23:47:16.810" endtime="20220321 23:47:24.861"/>
</test>
<test id="s1-t2" name="Edit the Last Name">
<kw name="Click Link" library="SeleniumLibrary">
<arg>xpath=//*[@id="fadein"]/div[1]/div/div[3]/ul/li[4]/a</arg>
<doc>Clicks a link identified by ``locator``.</doc>
<msg timestamp="20220321 23:47:24.862" level="INFO">Clicking link 'xpath=//*[@id="fadein"]/div[1]/div/div[3]/ul/li[4]/a'.</msg>
<status status="PASS" starttime="20220321 23:47:24.862" endtime="20220321 23:47:25.560"/>
</kw>
<kw name="Input Text" library="SeleniumLibrary">
<arg>name:lastname</arg>
<arg>Smith</arg>
<doc>Types the given ``text`` into the text field identified by ``locator``.</doc>
<msg timestamp="20220321 23:47:25.561" level="INFO">Typing text 'Smith' into text field 'name:lastname'.</msg>
<status status="PASS" starttime="20220321 23:47:25.561" endtime="20220321 23:47:25.647"/>
</kw>
<kw name="Sleep" library="BuiltIn">
<arg>2</arg>
<doc>Pauses the test executed for the given time.</doc>
<msg timestamp="20220321 23:47:27.657" level="INFO">Slept 2 seconds</msg>
<status status="PASS" starttime="20220321 23:47:25.648" endtime="20220321 23:47:27.657"/>
</kw>
<kw name="Execute Javascript" library="SeleniumLibrary">
<arg>window.scrollTo(0, document.body.scrollHeight)</arg>
<doc>Executes the given JavaScript code with possible arguments.</doc>
<msg timestamp="20220321 23:47:27.658" level="INFO">Executing JavaScript:
window.scrollTo(0, document.body.scrollHeight)
Without any arguments.</msg>
<status status="PASS" starttime="20220321 23:47:27.658" endtime="20220321 23:47:27.663"/>
</kw>
<kw name="Sleep" library="BuiltIn">
<arg>2</arg>
<doc>Pauses the test executed for the given time.</doc>
<msg timestamp="20220321 23:47:29.665" level="INFO">Slept 2 seconds</msg>
<status status="PASS" starttime="20220321 23:47:27.663" endtime="20220321 23:47:29.665"/>
</kw>
<kw name="Click Button" library="SeleniumLibrary">
<arg>xpath=//*[@id="fadein"]/section[1]/div/div[2]/div/div[1]/div/div/div[2]/form/div[3]/button</arg>
<doc>Clicks the button identified by ``locator``.</doc>
<msg timestamp="20220321 23:47:29.666" level="INFO">Clicking button 'xpath=//*[@id="fadein"]/section[1]/div/div[2]/div/div[1]/div/div/div[2]/form/div[3]/button'.</msg>
<status status="PASS" starttime="20220321 23:47:29.666" endtime="20220321 23:47:30.779"/>
</kw>
<kw name="Sleep" library="BuiltIn">
<arg>2</arg>
<doc>Pauses the test executed for the given time.</doc>
<msg timestamp="20220321 23:47:32.794" level="INFO">Slept 2 seconds</msg>
<status status="PASS" starttime="20220321 23:47:30.780" endtime="20220321 23:47:32.794"/>
</kw>
<kw name="Textfield Should Contain" library="SeleniumLibrary">
<arg>name:lastname</arg>
<arg>Smith</arg>
<doc>Verifies text field ``locator`` contains text ``expected``.</doc>
<msg timestamp="20220321 23:47:32.825" level="INFO">Text field 'name:lastname' contains text 'Smith'.</msg>
<status status="PASS" starttime="20220321 23:47:32.795" endtime="20220321 23:47:32.825"/>
</kw>
<status status="PASS" starttime="20220321 23:47:24.862" endtime="20220321 23:47:32.825"/>
</test>
<test id="s1-t3" name="Add funds">
<kw name="Click Link" library="SeleniumLibrary">
<arg>xpath=//*[@id="fadein"]/div[1]/div/div[3]/ul/li[3]/a</arg>
<doc>Clicks a link identified by ``locator``.</doc>
<msg timestamp="20220321 23:47:32.826" level="INFO">Clicking link 'xpath=//*[@id="fadein"]/div[1]/div/div[3]/ul/li[3]/a'.</msg>
<status status="PASS" starttime="20220321 23:47:32.826" endtime="20220321 23:47:34.333"/>
</kw>
<kw name="Select Radio Button" library="SeleniumLibrary">
<arg>payment_gateway</arg>
<arg>paypal</arg>
<doc>Sets the radio button group ``group_name`` to ``value``.</doc>
<msg timestamp="20220321 23:47:34.333" level="INFO">Selecting 'paypal' from radio button 'payment_gateway'.</msg>
<status status="PASS" starttime="20220321 23:47:34.333" endtime="20220321 23:47:34.403"/>
</kw>
<kw name="Click Button" library="SeleniumLibrary">
<arg>xpath=//*[@id="fadein"]/section[1]/div/div[2]/div/div[1]/div/div/div[2]/form/div/div[2]/div/button</arg>
<doc>Clicks the button identified by ``locator``.</doc>
<msg timestamp="20220321 23:47:34.404" level="INFO">Clicking button 'xpath=//*[@id="fadein"]/section[1]/div/div[2]/div/div[1]/div/div/div[2]/form/div/div[2]/div/button'.</msg>
<status status="PASS" starttime="20220321 23:47:34.404" endtime="20220321 23:47:34.822"/>
</kw>
<kw name="Sleep" library="BuiltIn">
<arg>5</arg>
<doc>Pauses the test executed for the given time.</doc>
<msg timestamp="20220321 23:47:39.832" level="INFO">Slept 5 seconds</msg>
<status status="PASS" starttime="20220321 23:47:34.823" endtime="20220321 23:47:39.832"/>
</kw>
<kw name="Page Should Contain" library="SeleniumLibrary">
<arg>Pay With</arg>
<doc>Verifies that current page contains ``text``.</doc>
<msg timestamp="20220321 23:47:39.851" level="INFO">Current page contains text 'Pay With'.</msg>
<status status="PASS" starttime="20220321 23:47:39.833" endtime="20220321 23:47:39.851"/>
</kw>
<status status="PASS" starttime="20220321 23:47:32.825" endtime="20220321 23:47:39.852"/>
</test>
<kw name="Close my browser" library="Login_signup_keyword" type="TEARDOWN">
<kw name="Close All Browsers" library="SeleniumLibrary">
<doc>Closes all open browsers and resets the browser cache.</doc>
<status status="PASS" starttime="20220321 23:47:39.854" endtime="20220321 23:47:42.130"/>
</kw>
<status status="PASS" starttime="20220321 23:47:39.854" endtime="20220321 23:47:42.130"/>
</kw>
<status status="PASS" starttime="20220321 23:47:07.703" endtime="20220321 23:47:42.130"/>
</suite>
<statistics>
<total>
<stat pass="3" fail="0" skip="0">All Tests</stat>
</total>
<tag>
</tag>
<suite>
<stat pass="3" fail="0" skip="0" id="s1" name="Editprofile">Editprofile</stat>
</suite>
</statistics>
<errors>
</errors>
</robot>
